{"/home/daagi/Desktop/dwella.org/_aid/surely-you-jest/2.matchers/matchers.ts": {"path":"/home/daagi/Desktop/dwella.org/_aid/surely-you-jest/2.matchers/matchers.ts","statementMap":{"0":{"start":{"line":3,"column":0},"end":{"line":3,"column":16}},"1":{"start":{"line":8,"column":0},"end":{"line":8,"column":16}},"2":{"start":{"line":4,"column":4},"end":{"line":4,"column":null}},"3":{"start":{"line":10,"column":4},"end":{"line":10,"column":null}}},"fnMap":{"0":{"name":"sum","decl":{"start":{"line":3,"column":16},"end":{"line":3,"column":19}},"loc":{"start":{"line":3,"column":38},"end":{"line":5,"column":1}}},"1":{"name":"dummyFunc","decl":{"start":{"line":8,"column":16},"end":{"line":8,"column":25}},"loc":{"start":{"line":8,"column":25},"end":{"line":11,"column":1}}}},"branchMap":{},"s":{"0":1,"1":1,"2":11,"3":8},"f":{"0":11,"1":8},"b":{}}
}
